-------------------------------------------------------------------------------
Test set: com.example.demo.Associate1ApplicationTests
-------------------------------------------------------------------------------
Tests run: 1, Failures: 0, Errors: 1, Skipped: 0, Time elapsed: 12.918 s <<< FAILURE! - in com.example.demo.Associate1ApplicationTests
contextLoads  Time elapsed: 0.019 s  <<< ERROR!
java.lang.IllegalStateException: Failed to load ApplicationContext
Caused by: org.springframework.beans.factory.BeanCreationException: Error creating bean with name 'entityManagerFactory' defined in class path resource [org/springframework/boot/autoconfigure/orm/jpa/HibernateJpaConfiguration.class]: Invocation of init method failed; nested exception is javax.persistence.PersistenceException: [PersistenceUnit: default] Unable to build Hibernate SessionFactory; nested exception is org.hibernate.MappingException: Could not determine type for: java.util.List, at table: associate, for columns: [org.hibernate.mapping.Column(skillsid)]
Caused by: javax.persistence.PersistenceException: [PersistenceUnit: default] Unable to build Hibernate SessionFactory; nested exception is org.hibernate.MappingException: Could not determine type for: java.util.List, at table: associate, for columns: [org.hibernate.mapping.Column(skillsid)]
Caused by: org.hibernate.MappingException: Could not determine type for: java.util.List, at table: associate, for columns: [org.hibernate.mapping.Column(skillsid)]

